[14/Dec/2024:18:29:11 -0300] 0:0:0:0:0:0:0:1 "GET /backend/trainer HTTP/1.1" 200 (742 ms)
[14/Dec/2024:19:38:51 -0300] 0:0:0:0:0:0:0:1 "GET /backend/trainer HTTP/1.1" 200 (103 ms)
[14/Dec/2024:20:02:44 -0300] 0:0:0:0:0:0:0:1 "GET /backend/ping HTTP/1.1" 200 (762 ms)
[14/Dec/2024:20:02:58 -0300] 0:0:0:0:0:0:0:1 "GET /backend/customer HTTP/1.1" 500 (674 ms)
[14/Dec/2024:20:03:10 -0300] 0:0:0:0:0:0:0:1 "GET /backend/trainer HTTP/1.1" 200 (138 ms)
[14/Dec/2024:20:04:00 -0300] 0:0:0:0:0:0:0:1 "GET /backend/customer HTTP/1.1" 500 (23 ms)
[14/Dec/2024:20:42:49 -0300] 0:0:0:0:0:0:0:1 "GET /backend/customer HTTP/1.1" 500 (1034 ms)
[14/Dec/2024:20:42:52 -0300] 0:0:0:0:0:0:0:1 "GET /backend/ping HTTP/1.1" 200 (23 ms)
[14/Dec/2024:20:42:55 -0300] 0:0:0:0:0:0:0:1 "GET /backend/trainer HTTP/1.1" 200 (123 ms)
[14/Dec/2024:20:42:59 -0300] 0:0:0:0:0:0:0:1 "GET /backend/ping HTTP/1.1" 200 (4 ms)
[14/Dec/2024:20:43:01 -0300] 0:0:0:0:0:0:0:1 "GET /backend/customer HTTP/1.1" 500 (21 ms)
[14/Dec/2024:20:43:09 -0300] 0:0:0:0:0:0:0:1 "GET /backend/keycloak_user HTTP/1.1" 404 (319 ms)
[14/Dec/2024:20:43:46 -0300] 0:0:0:0:0:0:0:1 "GET /backend/keycloak_user HTTP/1.1" 404 (23 ms)
[14/Dec/2024:20:44:13 -0300] 0:0:0:0:0:0:0:1 "GET /backend/customer HTTP/1.1" 500 (15 ms)
[14/Dec/2024:20:44:20 -0300] 0:0:0:0:0:0:0:1 "GET /backend/trainer HTTP/1.1" 200 (24 ms)
[14/Dec/2024:20:44:45 -0300] 0:0:0:0:0:0:0:1 "GET /backend/trainer HTTP/1.1" 200 (26 ms)
[14/Dec/2024:20:44:48 -0300] 0:0:0:0:0:0:0:1 "GET /backend/customer HTTP/1.1" 500 (16 ms)
[14/Dec/2024:20:49:53 -0300] 0:0:0:0:0:0:0:1 "GET /backend/ping HTTP/1.1" 200 (205 ms)
[14/Dec/2024:20:49:58 -0300] 0:0:0:0:0:0:0:1 "GET /backend/customer HTTP/1.1" 500 (313 ms)
[14/Dec/2024:20:50:08 -0300] 0:0:0:0:0:0:0:1 "GET /backend/trainer HTTP/1.1" 200 (152 ms)
[14/Dec/2024:20:54:37 -0300] 0:0:0:0:0:0:0:1 "GET /backend/trainer HTTP/1.1" 200 (183 ms)
[14/Dec/2024:20:54:42 -0300] 0:0:0:0:0:0:0:1 "GET /backend/keycloak_user HTTP/1.1" 200 (40 ms)
[14/Dec/2024:21:05:43 -0300] 0:0:0:0:0:0:0:1 "GET /backend/keycloak_user HTTP/1.1" 200 (40 ms)
[14/Dec/2024:21:05:49 -0300] 0:0:0:0:0:0:0:1 "GET /backend/customer HTTP/1.1" 500 (33 ms)
[14/Dec/2024:21:14:05 -0300] 0:0:0:0:0:0:0:1 "GET /backend/customer HTTP/1.1" 500 (65 ms)
[14/Dec/2024:21:14:10 -0300] 0:0:0:0:0:0:0:1 "GET /backend/version HTTP/1.1" 200 (7 ms)
[14/Dec/2024:21:14:14 -0300] 0:0:0:0:0:0:0:1 "GET /backend/ping HTTP/1.1" 200 (2 ms)
[14/Dec/2024:21:14:16 -0300] 0:0:0:0:0:0:0:1 "GET /backend/customer HTTP/1.1" 500 (13 ms)
[14/Dec/2024:21:23:10 -0300] 0:0:0:0:0:0:0:1 "GET /backend/customer HTTP/1.1" 200 (206 ms)
[14/Dec/2024:21:27:03 -0300] 0:0:0:0:0:0:0:1 "GET /backend/customer HTTP/1.1" 200 (52 ms)
[14/Dec/2024:21:56:08 -0300] 0:0:0:0:0:0:0:1 "GET /backend/customer HTTP/1.1" 200 (517 ms)
[14/Dec/2024:22:25:14 -0300] 0:0:0:0:0:0:0:1 "GET /backend/customer HTTP/1.1" 404 (1610 ms)
[14/Dec/2024:22:25:41 -0300] 0:0:0:0:0:0:0:1 "GET /backend/customer HTTP/1.1" 404 (23 ms)
[14/Dec/2024:22:25:42 -0300] 0:0:0:0:0:0:0:1 "GET /backend/customer HTTP/1.1" 404 (14 ms)
[14/Dec/2024:22:25:43 -0300] 0:0:0:0:0:0:0:1 "GET /backend/customer HTTP/1.1" 404 (21 ms)
[14/Dec/2024:22:26:05 -0300] 0:0:0:0:0:0:0:1 "GET /backend/customer HTTP/1.1" 404 (9 ms)
[14/Dec/2024:22:27:14 -0300] 0:0:0:0:0:0:0:1 "GET /backend/customer HTTP/1.1" 404 (18 ms)
[14/Dec/2024:22:27:19 -0300] 0:0:0:0:0:0:0:1 "GET /backend/ping HTTP/1.1" 200 (42 ms)
[14/Dec/2024:22:27:27 -0300] 0:0:0:0:0:0:0:1 "GET /backend/trainer HTTP/1.1" 200 (478 ms)
[14/Dec/2024:22:27:30 -0300] 0:0:0:0:0:0:0:1 "GET /backend/customer HTTP/1.1" 404 (8 ms)
[14/Dec/2024:22:27:53 -0300] 0:0:0:0:0:0:0:1 "GET /backend/customer HTTP/1.1" 200 (51 ms)
[14/Dec/2024:22:30:36 -0300] 0:0:0:0:0:0:0:1 "GET /backend/customer HTTP/1.1" 200 (217 ms)
[14/Dec/2024:22:33:46 -0300] 0:0:0:0:0:0:0:1 "GET /customer HTTP/1.1" 404 (620 ms)
[14/Dec/2024:22:33:46 -0300] 0:0:0:0:0:0:0:1 "GET /favicon.ico HTTP/1.1" 404 (2 ms)
[14/Dec/2024:22:33:52 -0300] 0:0:0:0:0:0:0:1 "GET /backend/customer HTTP/1.1" 200 (180 ms)
[14/Dec/2024:22:44:58 -0300] 0:0:0:0:0:0:0:1 "GET /backend/customer HTTP/1.1" 200 (300 ms)
[14/Dec/2024:22:52:00 -0300] 0:0:0:0:0:0:0:1 "GET /backend/customer HTTP/1.1" 200 (216 ms)
