[14/Dec/2024:18:37:43 -0300] 0:0:0:0:0:0:0:1 "GET /bff/customers HTTP/1.1" 401 (115 ms)
[14/Dec/2024:18:51:53 -0300] 0:0:0:0:0:0:0:1 "GET /bff/customers HTTP/1.1" 401 (1019 ms)
[14/Dec/2024:18:53:48 -0300] 0:0:0:0:0:0:0:1 "GET /bff/customers HTTP/1.1" 401 (32 ms)
[14/Dec/2024:18:54:06 -0300] 0:0:0:0:0:0:0:1 "GET /bff/customers HTTP/1.1" 401 (33 ms)
[14/Dec/2024:18:56:07 -0300] 0:0:0:0:0:0:0:1 "GET /bff/customers HTTP/1.1" 401 (28 ms)
[14/Dec/2024:19:00:18 -0300] 0:0:0:0:0:0:0:1 "GET /bff/customers HTTP/1.1" 401 (38 ms)
[14/Dec/2024:19:03:38 -0300] 0:0:0:0:0:0:0:1 "GET /bff/customers HTTP/1.1" 401 (64 ms)
[14/Dec/2024:19:06:22 -0300] 0:0:0:0:0:0:0:1 "GET /bff/customers HTTP/1.1" 404 (262 ms)
[14/Dec/2024:19:08:14 -0300] 0:0:0:0:0:0:0:1 "GET /bff/ping HTTP/1.1" 401 (18 ms)
[14/Dec/2024:19:08:34 -0300] 0:0:0:0:0:0:0:1 "GET /bff/ping HTTP/1.1" 401 (9 ms)
[14/Dec/2024:19:08:49 -0300] 0:0:0:0:0:0:0:1 "GET /bff/customers HTTP/1.1" 401 (8 ms)
[14/Dec/2024:19:09:07 -0300] 0:0:0:0:0:0:0:1 "GET /bff/customers HTTP/1.1" 404 (29 ms)
[14/Dec/2024:19:09:11 -0300] 0:0:0:0:0:0:0:1 "GET /bff/ping HTTP/1.1" 200 (35 ms)
[14/Dec/2024:19:11:08 -0300] 0:0:0:0:0:0:0:1 "GET /bff/ping HTTP/1.1" 200 (120 ms)
[14/Dec/2024:19:11:11 -0300] 0:0:0:0:0:0:0:1 "GET /bff/customer HTTP/1.1" 404 (30 ms)
[14/Dec/2024:19:21:35 -0300] 0:0:0:0:0:0:0:1 "GET /bff/customer HTTP/1.1" 404 (193 ms)
[14/Dec/2024:19:22:04 -0300] 0:0:0:0:0:0:0:1 "GET /customer HTTP/1.1" 404 (170 ms)
[14/Dec/2024:19:22:26 -0300] 0:0:0:0:0:0:0:1 "GET /bff HTTP/1.1" 302 (0 ms)
[14/Dec/2024:19:22:26 -0300] 0:0:0:0:0:0:0:1 "GET /bff/ HTTP/1.1" 404 (6 ms)
[14/Dec/2024:19:22:29 -0300] 0:0:0:0:0:0:0:1 "GET /bff/ping HTTP/1.1" 200 (16 ms)
[14/Dec/2024:19:22:37 -0300] 0:0:0:0:0:0:0:1 "GET /bff/version HTTP/1.1" 200 (148 ms)
[14/Dec/2024:19:24:43 -0300] 0:0:0:0:0:0:0:1 "GET /bff/version HTTP/1.1" 200 (72 ms)
[14/Dec/2024:19:24:47 -0300] 0:0:0:0:0:0:0:1 "GET /bff/customer HTTP/1.1" 404 (9 ms)
[14/Dec/2024:19:33:37 -0300] 0:0:0:0:0:0:0:1 "GET /bff/customer HTTP/1.1" 404 (638 ms)
[14/Dec/2024:19:33:45 -0300] 0:0:0:0:0:0:0:1 "GET /bff/versio HTTP/1.1" 404 (26 ms)
[14/Dec/2024:19:33:51 -0300] 0:0:0:0:0:0:0:1 "GET /bff/version HTTP/1.1" 200 (26 ms)
[14/Dec/2024:19:33:59 -0300] 0:0:0:0:0:0:0:1 "GET /bff/ping HTTP/1.1" 200 (33 ms)
[14/Dec/2024:19:39:38 -0300] 0:0:0:0:0:0:0:1 "GET /bff/ping HTTP/1.1" 200 (597 ms)
[14/Dec/2024:19:39:42 -0300] 0:0:0:0:0:0:0:1 "GET /bff/customer HTTP/1.1" 404 (16 ms)
[14/Dec/2024:19:41:55 -0300] 0:0:0:0:0:0:0:1 "GET /bff/customer HTTP/1.1" 401 (2 ms)
[14/Dec/2024:19:42:08 -0300] 0:0:0:0:0:0:0:1 "GET /bff/customer HTTP/1.1" 404 (11 ms)
[14/Dec/2024:19:42:18 -0300] 0:0:0:0:0:0:0:1 "GET /bff/ping HTTP/1.1" 200 (6 ms)
[14/Dec/2024:19:42:21 -0300] 0:0:0:0:0:0:0:1 "GET /bff/customer HTTP/1.1" 404 (11 ms)
[14/Dec/2024:19:42:22 -0300] 0:0:0:0:0:0:0:1 "GET /bff/customers HTTP/1.1" 404 (13 ms)
[14/Dec/2024:19:42:23 -0300] 0:0:0:0:0:0:0:1 "GET /bff/customer HTTP/1.1" 404 (7 ms)
[14/Dec/2024:19:46:28 -0300] 0:0:0:0:0:0:0:1 "GET /bff/customer HTTP/1.1" 404 (261 ms)
[14/Dec/2024:19:46:35 -0300] 0:0:0:0:0:0:0:1 "GET /customer HTTP/1.1" 404 (7 ms)
[14/Dec/2024:19:46:42 -0300] 0:0:0:0:0:0:0:1 "GET /bff/customer HTTP/1.1" 404 (16 ms)
[14/Dec/2024:19:49:09 -0300] 0:0:0:0:0:0:0:1 "GET /api/bff/customer HTTP/1.1" 404 (4 ms)
[14/Dec/2024:19:51:42 -0300] 0:0:0:0:0:0:0:1 "GET /bff/customer HTTP/1.1" 404 (307 ms)
[14/Dec/2024:19:51:47 -0300] 0:0:0:0:0:0:0:1 "GET /bff/version HTTP/1.1" 200 (7 ms)
[14/Dec/2024:19:51:52 -0300] 0:0:0:0:0:0:0:1 "GET /bff/api/customer HTTP/1.1" 404 (8 ms)
[14/Dec/2024:19:54:45 -0300] 0:0:0:0:0:0:0:1 "GET /bff/version HTTP/1.1" 200 (177 ms)
[14/Dec/2024:19:54:49 -0300] 0:0:0:0:0:0:0:1 "GET /bff/customer HTTP/1.1" 404 (10 ms)
[14/Dec/2024:20:42:37 -0300] 0:0:0:0:0:0:0:1 "GET /bff/customer HTTP/1.1" 404 (1050 ms)
[14/Dec/2024:20:42:41 -0300] 0:0:0:0:0:0:0:1 "GET /bff/ping HTTP/1.1" 200 (31 ms)
[14/Dec/2024:21:29:17 -0300] 0:0:0:0:0:0:0:1 "GET /bff/ping HTTP/1.1" 200 (429 ms)
[14/Dec/2024:21:29:21 -0300] 0:0:0:0:0:0:0:1 "GET /bff/customer HTTP/1.1" 404 (63 ms)
[14/Dec/2024:21:39:09 -0300] 0:0:0:0:0:0:0:1 "GET /api/ping HTTP/1.1" 404 (184 ms)
[14/Dec/2024:21:39:29 -0300] 0:0:0:0:0:0:0:1 "GET /api/ping HTTP/1.1" 404 (3 ms)
[14/Dec/2024:21:39:37 -0300] 0:0:0:0:0:0:0:1 "GET /bff/ping HTTP/1.1" 200 (540 ms)
[14/Dec/2024:21:40:14 -0300] 0:0:0:0:0:0:0:1 "GET /bff/customer HTTP/1.1" 404 (137 ms)
[14/Dec/2024:21:55:16 -0300] 0:0:0:0:0:0:0:1 "GET /bff/customer HTTP/1.1" 404 (321 ms)
[14/Dec/2024:21:55:23 -0300] 0:0:0:0:0:0:0:1 "GET /bff/ping HTTP/1.1" 200 (17 ms)
[14/Dec/2024:21:55:26 -0300] 0:0:0:0:0:0:0:1 "GET /bff/bff HTTP/1.1" 404 (32 ms)
[14/Dec/2024:21:55:28 -0300] 0:0:0:0:0:0:0:1 "GET /bff/customer HTTP/1.1" 404 (19 ms)
[14/Dec/2024:21:57:21 -0300] 0:0:0:0:0:0:0:1 "GET /bff/customer HTTP/1.1" 404 (54 ms)
[14/Dec/2024:21:57:27 -0300] 0:0:0:0:0:0:0:1 "GET /bff/ping HTTP/1.1" 200 (18 ms)
[14/Dec/2024:21:57:31 -0300] 0:0:0:0:0:0:0:1 "GET /bff/customer HTTP/1.1" 404 (12 ms)
[14/Dec/2024:22:03:15 -0300] 0:0:0:0:0:0:0:1 "GET /bff/ping HTTP/1.1" 200 (263 ms)
[14/Dec/2024:22:03:18 -0300] 0:0:0:0:0:0:0:1 "GET /bff/customer HTTP/1.1" 404 (44 ms)
[14/Dec/2024:22:23:01 -0300] 0:0:0:0:0:0:0:1 "GET /bff/customer HTTP/1.1" 401 (840 ms)
[14/Dec/2024:22:23:17 -0300] 0:0:0:0:0:0:0:1 "GET /bff/customer HTTP/1.1" 404 (141 ms)
[14/Dec/2024:22:30:49 -0300] 0:0:0:0:0:0:0:1 "GET /bff/customer HTTP/1.1" 404 (290 ms)
[14/Dec/2024:22:45:10 -0300] 0:0:0:0:0:0:0:1 "GET /bff/customer HTTP/1.1" 404 (184 ms)
[14/Dec/2024:22:47:05 -0300] 0:0:0:0:0:0:0:1 "GET /bff/customer HTTP/1.1" 404 (317 ms)
[14/Dec/2024:22:47:10 -0300] 0:0:0:0:0:0:0:1 "GET /bff/ping HTTP/1.1" 200 (13 ms)
[14/Dec/2024:22:47:16 -0300] 0:0:0:0:0:0:0:1 "GET /bff/versio HTTP/1.1" 404 (15 ms)
[14/Dec/2024:22:47:20 -0300] 0:0:0:0:0:0:0:1 "GET /bff/ping HTTP/1.1" 200 (5 ms)
[14/Dec/2024:22:47:25 -0300] 0:0:0:0:0:0:0:1 "GET /bff/ver HTTP/1.1" 404 (8 ms)
[14/Dec/2024:22:47:29 -0300] 0:0:0:0:0:0:0:1 "GET /bff/version HTTP/1.1" 200 (22 ms)
[14/Dec/2024:22:47:36 -0300] 0:0:0:0:0:0:0:1 "GET /bff/customer HTTP/1.1" 404 (13 ms)
[14/Dec/2024:22:47:38 -0300] 0:0:0:0:0:0:0:1 "GET /bff/customer HTTP/1.1" 404 (15 ms)
[14/Dec/2024:22:47:39 -0300] 0:0:0:0:0:0:0:1 "GET /bff/customer HTTP/1.1" 404 (8 ms)
[14/Dec/2024:22:52:13 -0300] 0:0:0:0:0:0:0:1 "GET /bff/customer HTTP/1.1" 404 (91 ms)
[14/Dec/2024:22:52:17 -0300] 0:0:0:0:0:0:0:1 "GET /bff/ping HTTP/1.1" 200 (6 ms)
[14/Dec/2024:22:52:20 -0300] 0:0:0:0:0:0:0:1 "GET /bff/version HTTP/1.1" 200 (11 ms)
[14/Dec/2024:22:52:25 -0300] 0:0:0:0:0:0:0:1 "GET /bff/customer HTTP/1.1" 404 (7 ms)
[14/Dec/2024:22:53:28 -0300] 0:0:0:0:0:0:0:1 "GET /bff/customer HTTP/1.1" 404 (50 ms)
[14/Dec/2024:22:53:31 -0300] 0:0:0:0:0:0:0:1 "GET /bff/version HTTP/1.1" 200 (8 ms)
[14/Dec/2024:22:53:35 -0300] 0:0:0:0:0:0:0:1 "GET /bff/ping HTTP/1.1" 200 (7 ms)
[14/Dec/2024:22:53:40 -0300] 0:0:0:0:0:0:0:1 "GET /bff/customer HTTP/1.1" 404 (23 ms)
[14/Dec/2024:22:53:41 -0300] 0:0:0:0:0:0:0:1 "GET /bff/customers HTTP/1.1" 404 (22 ms)
[14/Dec/2024:22:53:43 -0300] 0:0:0:0:0:0:0:1 "GET /bff/customer HTTP/1.1" 404 (10 ms)
