[16/Dec/2024:13:01:04 -0300] 0:0:0:0:0:0:0:1 "GET /bff/ping HTTP/1.1" 200 (354 ms)
[16/Dec/2024:13:01:12 -0300] 0:0:0:0:0:0:0:1 "GET /bff/conector/ping HTTP/1.1" 200 (33 ms)
[16/Dec/2024:13:01:18 -0300] 0:0:0:0:0:0:0:1 "GET /bff/conector/exercises HTTP/1.1" 200 (2081 ms)
[16/Dec/2024:13:07:32 -0300] 0:0:0:0:0:0:0:1 "GET /bff/conector/exercises/with-images HTTP/1.1" 404 (174 ms)
[16/Dec/2024:13:07:43 -0300] 0:0:0:0:0:0:0:1 "GET /bff/conector/exercises HTTP/1.1" 200 (2087 ms)
[16/Dec/2024:13:08:06 -0300] 0:0:0:0:0:0:0:1 "GET /bff/conector/exercises/with-images HTTP/1.1" 404 (18 ms)
[16/Dec/2024:13:33:05 -0300] 0:0:0:0:0:0:0:1 "GET /bff/conector/exercises/with-images HTTP/1.1" 200 (3571 ms)
[16/Dec/2024:18:33:45 -0300] 0:0:0:0:0:0:0:1 "GET /bff/conector/exercises/with-images HTTP/1.1" 401 (4269 ms)
[16/Dec/2024:18:45:27 -0300] 0:0:0:0:0:0:0:1 "GET /bff/conector/exercises/with-images HTTP/1.1" 401 (700 ms)
[16/Dec/2024:18:45:53 -0300] 0:0:0:0:0:0:0:1 "GET /bff/conector/exercises/with-images HTTP/1.1" 200 (5153 ms)
[16/Dec/2024:19:26:26 -0300] 0:0:0:0:0:0:0:1 "GET /bff/conector/exercises/with-images HTTP/1.1" 401 (1328 ms)
[16/Dec/2024:19:28:22 -0300] 0:0:0:0:0:0:0:1 "GET /bff/conector/exercises/with-images HTTP/1.1" 401 (13 ms)
[16/Dec/2024:19:42:10 -0300] 0:0:0:0:0:0:0:1 "OPTIONS /bff/conector/exercises/with-images HTTP/1.1" 200 (174 ms)
[16/Dec/2024:19:42:15 -0300] 0:0:0:0:0:0:0:1 "GET /bff/conector/exercises/with-images HTTP/1.1" 200 (4803 ms)
[16/Dec/2024:19:47:43 -0300] 0:0:0:0:0:0:0:1 "GET /bff/conector/exercises/with-images HTTP/1.1" 401 (206 ms)
[16/Dec/2024:19:52:33 -0300] 0:0:0:0:0:0:0:1 "GET /bff/conector/exercises/with-images HTTP/1.1" 401 (118 ms)
[16/Dec/2024:19:52:42 -0300] 0:0:0:0:0:0:0:1 "GET /bff/conector/exercises/with-images HTTP/1.1" 401 (10 ms)
[16/Dec/2024:19:52:44 -0300] 0:0:0:0:0:0:0:1 "GET /bff/conector/exercises/with-images HTTP/1.1" 401 (9 ms)
[16/Dec/2024:19:55:15 -0300] 0:0:0:0:0:0:0:1 "GET /bff/conector/exercises/with-images HTTP/1.1" 401 (295 ms)
[16/Dec/2024:19:55:20 -0300] 0:0:0:0:0:0:0:1 "GET /bff/conector/exercises/with-images HTTP/1.1" 401 (6 ms)
[16/Dec/2024:19:57:37 -0300] 0:0:0:0:0:0:0:1 "GET /bff/conector/exercises/with-images HTTP/1.1" 401 (203 ms)
[16/Dec/2024:19:57:46 -0300] 0:0:0:0:0:0:0:1 "GET /bff/conector/exercises/with-images HTTP/1.1" 401 (11 ms)
[16/Dec/2024:20:00:19 -0300] 0:0:0:0:0:0:0:1 "GET /bff/conector/exercises/with-images HTTP/1.1" 401 (14 ms)
[16/Dec/2024:20:00:43 -0300] 0:0:0:0:0:0:0:1 "GET /bff/conector/exercises/with-images HTTP/1.1" 401 (16 ms)
[16/Dec/2024:20:01:43 -0300] 0:0:0:0:0:0:0:1 "GET /bff/conector/exercises/with-images HTTP/1.1" 200 (4249 ms)
[16/Dec/2024:20:02:24 -0300] 0:0:0:0:0:0:0:1 "GET /bff/conector/exercises/with-images HTTP/1.1" 200 (3900 ms)
[16/Dec/2024:20:12:43 -0300] 0:0:0:0:0:0:0:1 "GET /bff/conector/exercises/with-images HTTP/1.1" 200 (3911 ms)
[16/Dec/2024:20:15:20 -0300] 0:0:0:0:0:0:0:1 "GET /bff/conector/exercises/with-images HTTP/1.1" 401 (265 ms)
[16/Dec/2024:20:17:26 -0300] 0:0:0:0:0:0:0:1 "GET /bff/conector/exercises/with-images HTTP/1.1" 200 (3639 ms)
[16/Dec/2024:20:25:10 -0300] 0:0:0:0:0:0:0:1 "GET /bff/conector/exercises/with-images HTTP/1.1" 200 (3801 ms)
[16/Dec/2024:20:26:39 -0300] 0:0:0:0:0:0:0:1 "GET /bff/conector/exercises/with-images HTTP/1.1" 200 (4181 ms)
[16/Dec/2024:20:27:32 -0300] 0:0:0:0:0:0:0:1 "GET /bff/conector/exercises/with-images HTTP/1.1" 200 (3363 ms)
