[19/Dec/2024:17:00:47 -0300] 0:0:0:0:0:0:0:1 "OPTIONS /bff/test HTTP/1.1" 200 (792 ms)
[19/Dec/2024:17:00:47 -0300] 0:0:0:0:0:0:0:1 "OPTIONS /bff/ping HTTP/1.1" 200 (792 ms)
[19/Dec/2024:17:00:47 -0300] 0:0:0:0:0:0:0:1 "OPTIONS /bff/conector/ping HTTP/1.1" 200 (792 ms)
[19/Dec/2024:17:00:50 -0300] 0:0:0:0:0:0:0:1 "GET /bff/ping HTTP/1.1" 200 (2870 ms)
[19/Dec/2024:17:00:50 -0300] 0:0:0:0:0:0:0:1 "GET /bff/test HTTP/1.1" 404 (2978 ms)
[19/Dec/2024:17:00:53 -0300] 0:0:0:0:0:0:0:1 "GET /bff/conector/ping HTTP/1.1" 200 (6288 ms)
[19/Dec/2024:17:01:44 -0300] 0:0:0:0:0:0:0:1 "OPTIONS /bff/conector/ping HTTP/1.1" 200 (5 ms)
[19/Dec/2024:17:01:44 -0300] 0:0:0:0:0:0:0:1 "OPTIONS /bff/ping HTTP/1.1" 200 (5 ms)
[19/Dec/2024:17:01:44 -0300] 0:0:0:0:0:0:0:1 "OPTIONS /bff/test HTTP/1.1" 200 (8 ms)
[19/Dec/2024:17:01:44 -0300] 0:0:0:0:0:0:0:1 "GET /bff/ping HTTP/1.1" 200 (16 ms)
[19/Dec/2024:17:01:44 -0300] 0:0:0:0:0:0:0:1 "GET /bff/conector/ping HTTP/1.1" 200 (35 ms)
[19/Dec/2024:17:01:44 -0300] 0:0:0:0:0:0:0:1 "GET /bff/test HTTP/1.1" 404 (34 ms)
[19/Dec/2024:18:33:22 -0300] 0:0:0:0:0:0:0:1 "OPTIONS /bff/ping HTTP/1.1" 200 (873 ms)
[19/Dec/2024:18:33:22 -0300] 0:0:0:0:0:0:0:1 "OPTIONS /bff/test HTTP/1.1" 200 (873 ms)
[19/Dec/2024:18:33:22 -0300] 0:0:0:0:0:0:0:1 "OPTIONS /bff/conector/ping HTTP/1.1" 200 (873 ms)
[19/Dec/2024:18:33:22 -0300] 0:0:0:0:0:0:0:1 "GET /bff/ping HTTP/1.1" 200 (527 ms)
[19/Dec/2024:18:33:23 -0300] 0:0:0:0:0:0:0:1 "GET /bff/test HTTP/1.1" 404 (576 ms)
[19/Dec/2024:18:33:23 -0300] 0:0:0:0:0:0:0:1 "GET /bff/conector/ping HTTP/1.1" 400 (589 ms)
[19/Dec/2024:19:37:08 -0300] 0:0:0:0:0:0:0:1 "OPTIONS /bff/conector/ping HTTP/1.1" 200 (157 ms)
[19/Dec/2024:19:37:08 -0300] 0:0:0:0:0:0:0:1 "OPTIONS /bff/test HTTP/1.1" 200 (156 ms)
[19/Dec/2024:19:37:08 -0300] 0:0:0:0:0:0:0:1 "OPTIONS /bff/ping HTTP/1.1" 200 (157 ms)
[19/Dec/2024:19:37:08 -0300] 0:0:0:0:0:0:0:1 "OPTIONS /backend/training-routines HTTP/1.1" 404 (238 ms)
[19/Dec/2024:19:37:08 -0300] 0:0:0:0:0:0:0:1 "OPTIONS /backend/customer/c208151e-9382-4018-89b6-0c2c782a15d8 HTTP/1.1" 404 (238 ms)
[19/Dec/2024:19:37:08 -0300] 0:0:0:0:0:0:0:1 "OPTIONS /backend/historical-progress/customer/c208151e-9382-4018-89b6-0c2c782a15d8 HTTP/1.1" 404 (237 ms)
[19/Dec/2024:19:37:08 -0300] 0:0:0:0:0:0:0:1 "GET /bff/ping HTTP/1.1" 200 (177 ms)
[19/Dec/2024:19:37:08 -0300] 0:0:0:0:0:0:0:1 "GET /bff/test HTTP/1.1" 404 (231 ms)
[19/Dec/2024:19:37:08 -0300] 0:0:0:0:0:0:0:1 "GET /bff/conector/ping HTTP/1.1" 400 (271 ms)
[19/Dec/2024:19:38:19 -0300] 0:0:0:0:0:0:0:1 "GET /bff/test HTTP/1.1" 401 (89 ms)
[19/Dec/2024:19:38:25 -0300] 0:0:0:0:0:0:0:1 "GET /bff/ping HTTP/1.1" 200 (14 ms)
[19/Dec/2024:19:38:26 -0300] 0:0:0:0:0:0:0:1 "GET /favicon.ico HTTP/1.1" 404 (1 ms)
[19/Dec/2024:19:39:10 -0300] 0:0:0:0:0:0:0:1 "GET /bff/ping HTTP/1.1" 200 (36 ms)
[19/Dec/2024:19:39:10 -0300] 0:0:0:0:0:0:0:1 "OPTIONS /bff/customer/c208151e-9382-4018-89b6-0c2c782a15d8 HTTP/1.1" 200 (11 ms)
[19/Dec/2024:19:39:10 -0300] 0:0:0:0:0:0:0:1 "OPTIONS /bff/historical-progress/customer/c208151e-9382-4018-89b6-0c2c782a15d8 HTTP/1.1" 200 (12 ms)
[19/Dec/2024:19:39:10 -0300] 0:0:0:0:0:0:0:1 "OPTIONS /bff/training-routines HTTP/1.1" 200 (8 ms)
[19/Dec/2024:19:39:10 -0300] 0:0:0:0:0:0:0:1 "GET /bff/test HTTP/1.1" 404 (71 ms)
[19/Dec/2024:19:39:10 -0300] 0:0:0:0:0:0:0:1 "GET /bff/historical-progress/customer/c208151e-9382-4018-89b6-0c2c782a15d8 HTTP/1.1" 404 (30 ms)
[19/Dec/2024:19:39:10 -0300] 0:0:0:0:0:0:0:1 "GET /bff/training-routines HTTP/1.1" 404 (26 ms)
[19/Dec/2024:19:39:10 -0300] 0:0:0:0:0:0:0:1 "GET /bff/conector/ping HTTP/1.1" 400 (78 ms)
[19/Dec/2024:19:39:10 -0300] 0:0:0:0:0:0:0:1 "GET /bff/customer/c208151e-9382-4018-89b6-0c2c782a15d8 HTTP/1.1" 404 (49 ms)
[19/Dec/2024:19:39:16 -0300] 0:0:0:0:0:0:0:1 "GET /bff/ping HTTP/1.1" 200 (16 ms)
[19/Dec/2024:19:39:16 -0300] 0:0:0:0:0:0:0:1 "GET /bff/test HTTP/1.1" 404 (22 ms)
[19/Dec/2024:19:39:16 -0300] 0:0:0:0:0:0:0:1 "GET /bff/conector/ping HTTP/1.1" 400 (23 ms)
[19/Dec/2024:19:39:16 -0300] 0:0:0:0:0:0:0:1 "GET /bff/customer/c208151e-9382-4018-89b6-0c2c782a15d8 HTTP/1.1" 404 (28 ms)
[19/Dec/2024:19:39:16 -0300] 0:0:0:0:0:0:0:1 "GET /bff/training-routines HTTP/1.1" 404 (26 ms)
[19/Dec/2024:19:39:16 -0300] 0:0:0:0:0:0:0:1 "GET /bff/historical-progress/customer/c208151e-9382-4018-89b6-0c2c782a15d8 HTTP/1.1" 404 (40 ms)
[19/Dec/2024:19:40:30 -0300] 0:0:0:0:0:0:0:1 "GET /bff/test HTTP/1.1" 404 (44 ms)
[19/Dec/2024:19:40:30 -0300] 0:0:0:0:0:0:0:1 "GET /bff/ping HTTP/1.1" 200 (28 ms)
[19/Dec/2024:19:40:30 -0300] 0:0:0:0:0:0:0:1 "OPTIONS /bff/backend/customer/c208151e-9382-4018-89b6-0c2c782a15d8 HTTP/1.1" 200 (19 ms)
[19/Dec/2024:19:40:30 -0300] 0:0:0:0:0:0:0:1 "OPTIONS /bff/backend/training-routines HTTP/1.1" 200 (16 ms)
[19/Dec/2024:19:40:30 -0300] 0:0:0:0:0:0:0:1 "OPTIONS /bff/backend/historical-progress/customer/c208151e-9382-4018-89b6-0c2c782a15d8 HTTP/1.1" 200 (30 ms)
[19/Dec/2024:19:40:30 -0300] 0:0:0:0:0:0:0:1 "GET /bff/conector/ping HTTP/1.1" 400 (51 ms)
[19/Dec/2024:19:40:30 -0300] 0:0:0:0:0:0:0:1 "GET /bff/backend/customer/c208151e-9382-4018-89b6-0c2c782a15d8 HTTP/1.1" 500 (404 ms)
[19/Dec/2024:19:40:30 -0300] 0:0:0:0:0:0:0:1 "GET /bff/backend/historical-progress/customer/c208151e-9382-4018-89b6-0c2c782a15d8 HTTP/1.1" 500 (396 ms)
[19/Dec/2024:19:40:33 -0300] 0:0:0:0:0:0:0:1 "GET /bff/backend/training-routines HTTP/1.1" 500 (2706 ms)
[19/Dec/2024:19:47:31 -0300] 0:0:0:0:0:0:0:1 "GET /bff/backend/customer/c208151e-9382-4018-89b6-0c2c782a15d8 HTTP/1.1" 401 (188 ms)
[19/Dec/2024:19:48:01 -0300] 0:0:0:0:0:0:0:1 "GET /bff/backend/customer/c208151e-9382-4018-89b6-0c2c782a15d8 HTTP/1.1" 500 (210 ms)
[19/Dec/2024:19:51:14 -0300] 0:0:0:0:0:0:0:1 "GET /bff/backend/customer/c208151e-9382-4018-89b6-0c2c782a15d8 HTTP/1.1" 500 (175 ms)
[19/Dec/2024:19:51:18 -0300] 0:0:0:0:0:0:0:1 "GET /bff/backend/customer/c208151e-9382-4018-89b6-0c2c782a15d8 HTTP/1.1" 500 (10 ms)
[19/Dec/2024:19:55:25 -0300] 0:0:0:0:0:0:0:1 "GET /bff/backend/customer/c208151e-9382-4018-89b6-0c2c782a15d8 HTTP/1.1" 500 (1407 ms)
[19/Dec/2024:19:56:23 -0300] 0:0:0:0:0:0:0:1 "GET /bff/backend/customer/c208151e-9382-4018-89b6-0c2c782a15d8 HTTP/1.1" 500 (180 ms)
[19/Dec/2024:19:56:24 -0300] 0:0:0:0:0:0:0:1 "GET /bff/backend/customer/c208151e-9382-4018-89b6-0c2c782a15d8 HTTP/1.1" 500 (10 ms)
